\BOOKMARK [1][-]{section.1}{Introduction}{}% 1
\BOOKMARK [1][-]{section.2}{Fuzzy Logic}{}% 2
\BOOKMARK [2][-]{subsection.2.1}{Bla}{section.2}% 3
\BOOKMARK [2][-]{subsection.2.2}{Fuzzification}{section.2}% 4
\BOOKMARK [2][-]{subsection.2.3}{Inference system}{section.2}% 5
\BOOKMARK [2][-]{subsection.2.4}{Defuzzification}{section.2}% 6
\BOOKMARK [2][-]{subsection.2.5}{Classification model for fuzzy rules}{section.2}% 7
\BOOKMARK [1][-]{section.3}{Rule Based Genetic Algorithm}{}% 8
\BOOKMARK [2][-]{subsection.3.1}{Presentation}{section.3}% 9
\BOOKMARK [2][-]{subsection.3.2}{Modeling the algorithm}{section.3}% 10
\BOOKMARK [3][-]{subsubsection.3.2.1}{Individual}{subsection.3.2}% 11
\BOOKMARK [3][-]{subsubsection.3.2.2}{Selection and Crossover of individuals}{subsection.3.2}% 12
\BOOKMARK [3][-]{subsubsection.3.2.3}{Mutation}{subsection.3.2}% 13
\BOOKMARK [2][-]{subsection.3.3}{The fitness function}{section.3}% 14
\BOOKMARK [1][-]{section.4}{Implementation}{}% 15
\BOOKMARK [1][-]{section.5}{Results and Conclusion}{}% 16
\BOOKMARK [1][-]{section.6}{Compute the fitness function}{}% 17
\BOOKMARK [2][-]{subsection.6.1}{Vector of best class confidence}{section.6}% 18
\BOOKMARK [2][-]{subsection.6.2}{Vector of A, given a data instance and rules}{section.6}% 19
\BOOKMARK [2][-]{subsection.6.3}{Assembling the pieces: predicting a class}{section.6}% 20
\BOOKMARK [2][-]{subsection.6.4}{Accuracy \046 Fitness function}{section.6}% 21
